
C:\Users\admin\OpKeySmartRecorder\bin>cd /D C:\\Users\\admin\\OpKeySmartRecorder\\userdata\\certgen 

C:\Users\admin\OpKeySmartRecorder\userdata\certgen>set DOMAIN_NAME=translate.googleapis.com 

C:\Users\admin\OpKeySmartRecorder\userdata\certgen>set FILE_NAME=translate_googleapis_com 

C:\Users\admin\OpKeySmartRecorder\userdata\certgen>set DEST_PATH=C:\\Users\\admin\\OpKeySmartRecorder\\userdata\\certs\\translate_googleapis_com 

C:\Users\admin\OpKeySmartRecorder\userdata\certgen>set KEYTOOL_PATH=keytool 

C:\Users\admin\OpKeySmartRecorder\userdata\certgen>set KEY_PASSWORD=sahipassword 

C:\Users\admin\OpKeySmartRecorder\userdata\certgen>set STORE_PASSWORD=sahipassword 

C:\Users\admin\OpKeySmartRecorder\userdata\certgen>set PATH_TO_OPENSSL=C:\\Users\\admin\\OpKeySmartRecorder\\certgen 

C:\Users\admin\OpKeySmartRecorder\userdata\certgen>echo translate.googleapis.com 
translate.googleapis.com

C:\Users\admin\OpKeySmartRecorder\userdata\certgen>echo translate_googleapis_com 
translate_googleapis_com

C:\Users\admin\OpKeySmartRecorder\userdata\certgen>echo C:\\Users\\admin\\OpKeySmartRecorder\\userdata\\certs\\translate_googleapis_com 
C:\\Users\\admin\\OpKeySmartRecorder\\userdata\\certs\\translate_googleapis_com

C:\Users\admin\OpKeySmartRecorder\userdata\certgen>keytool -genkey  -ext SAN=dns:translate.googleapis.com -alias translate.googleapis.com -keypass sahipassword -storepass sahipassword -keyalg RSA -keystore X509CA/certs/translate_googleapis_com -dname "CN=translate.googleapis.com, OU=OpKey, O=OpKey, L=Noida, S=UP, C=IN" -validity 3650 

C:\Users\admin\OpKeySmartRecorder\userdata\certgen>keytool -certreq  -ext SAN=dns:translate.googleapis.com -alias translate.googleapis.com -file X509CA/certs/translate_googleapis_com.csr -keypass sahipassword -keystore X509CA/certs/translate_googleapis_com -storepass sahipassword 

C:\Users\admin\OpKeySmartRecorder\userdata\certgen>C:\\Users\\admin\\OpKeySmartRecorder\\certgen\openssl ca -config X509CA/openssl.cnf -days 3650 -in X509CA/certs/translate_googleapis_com.csr -out X509CA/certs/translate_googleapis_com.signed -batch -passin pass:sahipassword 
Using configuration from X509CA/openssl.cnf
Loading 'screen' into random state - done
Check that the request matches the signature
Signature ok
Certificate Details:
        Serial Number: 1 (0x1)
        Validity
            Not Before: Feb  2 10:38:02 2018 GMT
            Not After : Jan 31 10:38:02 2028 GMT
        Subject:
            countryName               = IN
            stateOrProvinceName       = UP
            organizationName          = OpKey
            organizationalUnitName    = OpKey
            commonName                = translate.googleapis.com
        X509v3 extensions:
            X509v3 Basic Constraints: 
                CA:FALSE
            Netscape Comment: 
                OpenSSL Generated Certificate
            X509v3 Subject Key Identifier: 
                55:5E:6B:70:EF:D8:65:5D:46:B7:BE:79:8D:D5:20:D8:AE:00:C2:21
            X509v3 Authority Key Identifier: 
                keyid:A4:99:B5:30:91:E8:0B:19:FE:14:0E:79:8E:7F:56:94:2E:7D:57:A0
                DirName:/C=IN/ST=UP/O=OpKey
                serial:80:E1:05:01:C3:F6:C6:37

            X509v3 Subject Alternative Name: 
                DNS:translate.googleapis.com
Certificate is to be certified until Jan 31 10:38:02 2028 GMT (3650 days)

Write out database with 1 new entries
Data Base Updated

C:\Users\admin\OpKeySmartRecorder\userdata\certgen>C:\\Users\\admin\\OpKeySmartRecorder\\certgen\openssl x509 -in X509CA/certs/translate_googleapis_com.signed -out X509CA/certs/translate_googleapis_com.signed_pem -outform PEM 

C:\Users\admin\OpKeySmartRecorder\userdata\certgen>copy X509CA\certs\translate_googleapis_com X509CA\certs\translate_googleapis_com.orig 
        1 file(s) copied.

C:\Users\admin\OpKeySmartRecorder\userdata\certgen>keytool -list  -ext SAN=dns:translate.googleapis.com -keystore X509CA\certs\translate_googleapis_com -storepass sahipassword 

Keystore type: JKS
Keystore provider: SUN

Your keystore contains 1 entry

translate.googleapis.com, 2 Feb, 2018, PrivateKeyEntry, 
Certificate fingerprint (SHA1): 24:43:69:F5:13:A6:9E:29:A8:75:A8:B7:7B:A6:A4:3F:67:3D:7D:5C

C:\Users\admin\OpKeySmartRecorder\userdata\certgen>keytool -noprompt  -ext SAN=dns:translate.googleapis.com -import -alias sahi_root -keypass sahipassword -file X509CA\ca\new_ca.pem -keystore X509CA\certs\translate_googleapis_com -storepass sahipassword 
Certificate was added to keystore

C:\Users\admin\OpKeySmartRecorder\userdata\certgen>keytool -noprompt  -ext SAN=dns:translate.googleapis.com -import -alias translate.googleapis.com -keypass sahipassword -file X509CA\certs\translate_googleapis_com.signed_pem -keystore X509CA\certs\translate_googleapis_com -storepass sahipassword 
Certificate reply was installed in keystore

C:\Users\admin\OpKeySmartRecorder\userdata\certgen>copy X509CA\certs\translate_googleapis_com C:\\Users\\admin\\OpKeySmartRecorder\\userdata\\certs\\translate_googleapis_com 
        1 file(s) copied.

C:\Users\admin\OpKeySmartRecorder\userdata\certgen>del X509CA\certs\translate_googleapis_com* 

C:\Users\admin\OpKeySmartRecorder\userdata\certgen>certutil -addstore ROOT X509CA\ca\new_ca.pem 
Administrator permissions are needed to use the selected options.  Use an administrator command prompt to complete these tasks.
CertUtil: The requested operation requires elevation.

C:\Users\admin\OpKeySmartRecorder\bin>cd /D C:\\Users\\admin\\OpKeySmartRecorder\\userdata\\certgen 

C:\Users\admin\OpKeySmartRecorder\userdata\certgen>set DOMAIN_NAME=www.google.com 

C:\Users\admin\OpKeySmartRecorder\userdata\certgen>set FILE_NAME=www_google_com 

C:\Users\admin\OpKeySmartRecorder\userdata\certgen>set DEST_PATH=C:\\Users\\admin\\OpKeySmartRecorder\\userdata\\certs\\www_google_com 

C:\Users\admin\OpKeySmartRecorder\userdata\certgen>set KEYTOOL_PATH=keytool 

C:\Users\admin\OpKeySmartRecorder\userdata\certgen>set KEY_PASSWORD=sahipassword 

C:\Users\admin\OpKeySmartRecorder\userdata\certgen>set STORE_PASSWORD=sahipassword 

C:\Users\admin\OpKeySmartRecorder\userdata\certgen>set PATH_TO_OPENSSL=C:\\Users\\admin\\OpKeySmartRecorder\\certgen 

C:\Users\admin\OpKeySmartRecorder\userdata\certgen>echo www.google.com 
www.google.com

C:\Users\admin\OpKeySmartRecorder\userdata\certgen>echo www_google_com 
www_google_com

C:\Users\admin\OpKeySmartRecorder\userdata\certgen>echo C:\\Users\\admin\\OpKeySmartRecorder\\userdata\\certs\\www_google_com 
C:\\Users\\admin\\OpKeySmartRecorder\\userdata\\certs\\www_google_com

C:\Users\admin\OpKeySmartRecorder\userdata\certgen>keytool -genkey  -ext SAN=dns:www.google.com -alias www.google.com -keypass sahipassword -storepass sahipassword -keyalg RSA -keystore X509CA/certs/www_google_com -dname "CN=www.google.com, OU=OpKey, O=OpKey, L=Noida, S=UP, C=IN" -validity 3650 

C:\Users\admin\OpKeySmartRecorder\userdata\certgen>keytool -certreq  -ext SAN=dns:www.google.com -alias www.google.com -file X509CA/certs/www_google_com.csr -keypass sahipassword -keystore X509CA/certs/www_google_com -storepass sahipassword 

C:\Users\admin\OpKeySmartRecorder\userdata\certgen>C:\\Users\\admin\\OpKeySmartRecorder\\certgen\openssl ca -config X509CA/openssl.cnf -days 3650 -in X509CA/certs/www_google_com.csr -out X509CA/certs/www_google_com.signed -batch -passin pass:sahipassword 
Using configuration from X509CA/openssl.cnf
Loading 'screen' into random state - done
Check that the request matches the signature
Signature ok
Certificate Details:
        Serial Number: 2 (0x2)
        Validity
            Not Before: Feb  2 10:38:06 2018 GMT
            Not After : Jan 31 10:38:06 2028 GMT
        Subject:
            countryName               = IN
            stateOrProvinceName       = UP
            organizationName          = OpKey
            organizationalUnitName    = OpKey
            commonName                = www.google.com
        X509v3 extensions:
            X509v3 Basic Constraints: 
                CA:FALSE
            Netscape Comment: 
                OpenSSL Generated Certificate
            X509v3 Subject Key Identifier: 
                9A:04:46:CC:30:BC:E0:9E:86:F4:D1:5E:1C:F0:5F:B7:02:51:CB:BD
            X509v3 Authority Key Identifier: 
                keyid:A4:99:B5:30:91:E8:0B:19:FE:14:0E:79:8E:7F:56:94:2E:7D:57:A0
                DirName:/C=IN/ST=UP/O=OpKey
                serial:80:E1:05:01:C3:F6:C6:37

            X509v3 Subject Alternative Name: 
                DNS:www.google.com
Certificate is to be certified until Jan 31 10:38:06 2028 GMT (3650 days)

Write out database with 1 new entries
Data Base Updated

C:\Users\admin\OpKeySmartRecorder\userdata\certgen>C:\\Users\\admin\\OpKeySmartRecorder\\certgen\openssl x509 -in X509CA/certs/www_google_com.signed -out X509CA/certs/www_google_com.signed_pem -outform PEM 

C:\Users\admin\OpKeySmartRecorder\userdata\certgen>copy X509CA\certs\www_google_com X509CA\certs\www_google_com.orig 
        1 file(s) copied.

C:\Users\admin\OpKeySmartRecorder\userdata\certgen>keytool -list  -ext SAN=dns:www.google.com -keystore X509CA\certs\www_google_com -storepass sahipassword 

Keystore type: JKS
Keystore provider: SUN

Your keystore contains 1 entry

www.google.com, 2 Feb, 2018, PrivateKeyEntry, 
Certificate fingerprint (SHA1): 19:7D:9B:A3:64:FA:15:EE:55:51:41:1D:70:48:7D:AD:76:54:D0:D5

C:\Users\admin\OpKeySmartRecorder\userdata\certgen>keytool -noprompt  -ext SAN=dns:www.google.com -import -alias sahi_root -keypass sahipassword -file X509CA\ca\new_ca.pem -keystore X509CA\certs\www_google_com -storepass sahipassword 
Certificate was added to keystore

C:\Users\admin\OpKeySmartRecorder\userdata\certgen>keytool -noprompt  -ext SAN=dns:www.google.com -import -alias www.google.com -keypass sahipassword -file X509CA\certs\www_google_com.signed_pem -keystore X509CA\certs\www_google_com -storepass sahipassword 
Certificate reply was installed in keystore

C:\Users\admin\OpKeySmartRecorder\userdata\certgen>copy X509CA\certs\www_google_com C:\\Users\\admin\\OpKeySmartRecorder\\userdata\\certs\\www_google_com 
        1 file(s) copied.

C:\Users\admin\OpKeySmartRecorder\userdata\certgen>del X509CA\certs\www_google_com* 

C:\Users\admin\OpKeySmartRecorder\userdata\certgen>certutil -addstore ROOT X509CA\ca\new_ca.pem 
Administrator permissions are needed to use the selected options.  Use an administrator command prompt to complete these tasks.
CertUtil: The requested operation requires elevation.

C:\Users\admin\OpKeySmartRecorder\bin>cd /D C:\\Users\\admin\\OpKeySmartRecorder\\userdata\\certgen 

C:\Users\admin\OpKeySmartRecorder\userdata\certgen>set DOMAIN_NAME=www.googleapis.com 

C:\Users\admin\OpKeySmartRecorder\userdata\certgen>set FILE_NAME=www_googleapis_com 

C:\Users\admin\OpKeySmartRecorder\userdata\certgen>set DEST_PATH=C:\\Users\\admin\\OpKeySmartRecorder\\userdata\\certs\\www_googleapis_com 

C:\Users\admin\OpKeySmartRecorder\userdata\certgen>set KEYTOOL_PATH=keytool 

C:\Users\admin\OpKeySmartRecorder\userdata\certgen>set KEY_PASSWORD=sahipassword 

C:\Users\admin\OpKeySmartRecorder\userdata\certgen>set STORE_PASSWORD=sahipassword 

C:\Users\admin\OpKeySmartRecorder\userdata\certgen>set PATH_TO_OPENSSL=C:\\Users\\admin\\OpKeySmartRecorder\\certgen 

C:\Users\admin\OpKeySmartRecorder\userdata\certgen>echo www.googleapis.com 
www.googleapis.com

C:\Users\admin\OpKeySmartRecorder\userdata\certgen>echo www_googleapis_com 
www_googleapis_com

C:\Users\admin\OpKeySmartRecorder\userdata\certgen>echo C:\\Users\\admin\\OpKeySmartRecorder\\userdata\\certs\\www_googleapis_com 
C:\\Users\\admin\\OpKeySmartRecorder\\userdata\\certs\\www_googleapis_com

C:\Users\admin\OpKeySmartRecorder\userdata\certgen>keytool -genkey  -ext SAN=dns:www.googleapis.com -alias www.googleapis.com -keypass sahipassword -storepass sahipassword -keyalg RSA -keystore X509CA/certs/www_googleapis_com -dname "CN=www.googleapis.com, OU=OpKey, O=OpKey, L=Noida, S=UP, C=IN" -validity 3650 

C:\Users\admin\OpKeySmartRecorder\userdata\certgen>keytool -certreq  -ext SAN=dns:www.googleapis.com -alias www.googleapis.com -file X509CA/certs/www_googleapis_com.csr -keypass sahipassword -keystore X509CA/certs/www_googleapis_com -storepass sahipassword 

C:\Users\admin\OpKeySmartRecorder\userdata\certgen>C:\\Users\\admin\\OpKeySmartRecorder\\certgen\openssl ca -config X509CA/openssl.cnf -days 3650 -in X509CA/certs/www_googleapis_com.csr -out X509CA/certs/www_googleapis_com.signed -batch -passin pass:sahipassword 
Using configuration from X509CA/openssl.cnf
Loading 'screen' into random state - done
Check that the request matches the signature
Signature ok
Certificate Details:
        Serial Number: 3 (0x3)
        Validity
            Not Before: Feb  2 10:38:09 2018 GMT
            Not After : Jan 31 10:38:09 2028 GMT
        Subject:
            countryName               = IN
            stateOrProvinceName       = UP
            organizationName          = OpKey
            organizationalUnitName    = OpKey
            commonName                = www.googleapis.com
        X509v3 extensions:
            X509v3 Basic Constraints: 
                CA:FALSE
            Netscape Comment: 
                OpenSSL Generated Certificate
            X509v3 Subject Key Identifier: 
                23:06:28:91:A4:15:15:9E:60:ED:FD:78:98:22:9C:1B:95:5B:3F:27
            X509v3 Authority Key Identifier: 
                keyid:A4:99:B5:30:91:E8:0B:19:FE:14:0E:79:8E:7F:56:94:2E:7D:57:A0
                DirName:/C=IN/ST=UP/O=OpKey
                serial:80:E1:05:01:C3:F6:C6:37

            X509v3 Subject Alternative Name: 
                DNS:www.googleapis.com
Certificate is to be certified until Jan 31 10:38:09 2028 GMT (3650 days)

Write out database with 1 new entries
Data Base Updated

C:\Users\admin\OpKeySmartRecorder\userdata\certgen>C:\\Users\\admin\\OpKeySmartRecorder\\certgen\openssl x509 -in X509CA/certs/www_googleapis_com.signed -out X509CA/certs/www_googleapis_com.signed_pem -outform PEM 

C:\Users\admin\OpKeySmartRecorder\userdata\certgen>copy X509CA\certs\www_googleapis_com X509CA\certs\www_googleapis_com.orig 
        1 file(s) copied.

C:\Users\admin\OpKeySmartRecorder\userdata\certgen>keytool -list  -ext SAN=dns:www.googleapis.com -keystore X509CA\certs\www_googleapis_com -storepass sahipassword 

Keystore type: JKS
Keystore provider: SUN

Your keystore contains 1 entry

www.googleapis.com, 2 Feb, 2018, PrivateKeyEntry, 
Certificate fingerprint (SHA1): A0:06:A2:21:BE:77:88:79:B6:74:21:99:BA:99:9E:41:50:EA:58:BA

C:\Users\admin\OpKeySmartRecorder\userdata\certgen>keytool -noprompt  -ext SAN=dns:www.googleapis.com -import -alias sahi_root -keypass sahipassword -file X509CA\ca\new_ca.pem -keystore X509CA\certs\www_googleapis_com -storepass sahipassword 
Certificate was added to keystore

C:\Users\admin\OpKeySmartRecorder\userdata\certgen>keytool -noprompt  -ext SAN=dns:www.googleapis.com -import -alias www.googleapis.com -keypass sahipassword -file X509CA\certs\www_googleapis_com.signed_pem -keystore X509CA\certs\www_googleapis_com -storepass sahipassword 
Certificate reply was installed in keystore

C:\Users\admin\OpKeySmartRecorder\userdata\certgen>copy X509CA\certs\www_googleapis_com C:\\Users\\admin\\OpKeySmartRecorder\\userdata\\certs\\www_googleapis_com 
        1 file(s) copied.

C:\Users\admin\OpKeySmartRecorder\userdata\certgen>del X509CA\certs\www_googleapis_com* 

C:\Users\admin\OpKeySmartRecorder\userdata\certgen>certutil -addstore ROOT X509CA\ca\new_ca.pem 
Administrator permissions are needed to use the selected options.  Use an administrator command prompt to complete these tasks.
CertUtil: The requested operation requires elevation.

C:\Users\admin\OpKeySmartRecorder\bin>cd /D C:\\Users\\admin\\OpKeySmartRecorder\\userdata\\certgen 

C:\Users\admin\OpKeySmartRecorder\userdata\certgen>set DOMAIN_NAME=www.gstatic.com 

C:\Users\admin\OpKeySmartRecorder\userdata\certgen>set FILE_NAME=www_gstatic_com 

C:\Users\admin\OpKeySmartRecorder\userdata\certgen>set DEST_PATH=C:\\Users\\admin\\OpKeySmartRecorder\\userdata\\certs\\www_gstatic_com 

C:\Users\admin\OpKeySmartRecorder\userdata\certgen>set KEYTOOL_PATH=keytool 

C:\Users\admin\OpKeySmartRecorder\userdata\certgen>set KEY_PASSWORD=sahipassword 

C:\Users\admin\OpKeySmartRecorder\userdata\certgen>set STORE_PASSWORD=sahipassword 

C:\Users\admin\OpKeySmartRecorder\userdata\certgen>set PATH_TO_OPENSSL=C:\\Users\\admin\\OpKeySmartRecorder\\certgen 

C:\Users\admin\OpKeySmartRecorder\userdata\certgen>echo www.gstatic.com 
www.gstatic.com

C:\Users\admin\OpKeySmartRecorder\userdata\certgen>echo www_gstatic_com 
www_gstatic_com

C:\Users\admin\OpKeySmartRecorder\userdata\certgen>echo C:\\Users\\admin\\OpKeySmartRecorder\\userdata\\certs\\www_gstatic_com 
C:\\Users\\admin\\OpKeySmartRecorder\\userdata\\certs\\www_gstatic_com

C:\Users\admin\OpKeySmartRecorder\userdata\certgen>keytool -genkey  -ext SAN=dns:www.gstatic.com -alias www.gstatic.com -keypass sahipassword -storepass sahipassword -keyalg RSA -keystore X509CA/certs/www_gstatic_com -dname "CN=www.gstatic.com, OU=OpKey, O=OpKey, L=Noida, S=UP, C=IN" -validity 3650 

C:\Users\admin\OpKeySmartRecorder\userdata\certgen>keytool -certreq  -ext SAN=dns:www.gstatic.com -alias www.gstatic.com -file X509CA/certs/www_gstatic_com.csr -keypass sahipassword -keystore X509CA/certs/www_gstatic_com -storepass sahipassword 

C:\Users\admin\OpKeySmartRecorder\userdata\certgen>C:\\Users\\admin\\OpKeySmartRecorder\\certgen\openssl ca -config X509CA/openssl.cnf -days 3650 -in X509CA/certs/www_gstatic_com.csr -out X509CA/certs/www_gstatic_com.signed -batch -passin pass:sahipassword 
Using configuration from X509CA/openssl.cnf
Loading 'screen' into random state - done
Check that the request matches the signature
Signature ok
Certificate Details:
        Serial Number: 4 (0x4)
        Validity
            Not Before: Feb  2 10:38:11 2018 GMT
            Not After : Jan 31 10:38:11 2028 GMT
        Subject:
            countryName               = IN
            stateOrProvinceName       = UP
            organizationName          = OpKey
            organizationalUnitName    = OpKey
            commonName                = www.gstatic.com
        X509v3 extensions:
            X509v3 Basic Constraints: 
                CA:FALSE
            Netscape Comment: 
                OpenSSL Generated Certificate
            X509v3 Subject Key Identifier: 
                6F:70:3A:EF:F7:55:5D:40:BB:8C:C6:A8:BF:59:B6:EC:DF:E4:31:F3
            X509v3 Authority Key Identifier: 
                keyid:A4:99:B5:30:91:E8:0B:19:FE:14:0E:79:8E:7F:56:94:2E:7D:57:A0
                DirName:/C=IN/ST=UP/O=OpKey
                serial:80:E1:05:01:C3:F6:C6:37

            X509v3 Subject Alternative Name: 
                DNS:www.gstatic.com
Certificate is to be certified until Jan 31 10:38:11 2028 GMT (3650 days)

Write out database with 1 new entries
Data Base Updated

C:\Users\admin\OpKeySmartRecorder\userdata\certgen>C:\\Users\\admin\\OpKeySmartRecorder\\certgen\openssl x509 -in X509CA/certs/www_gstatic_com.signed -out X509CA/certs/www_gstatic_com.signed_pem -outform PEM 

C:\Users\admin\OpKeySmartRecorder\userdata\certgen>copy X509CA\certs\www_gstatic_com X509CA\certs\www_gstatic_com.orig 
        1 file(s) copied.

C:\Users\admin\OpKeySmartRecorder\userdata\certgen>keytool -list  -ext SAN=dns:www.gstatic.com -keystore X509CA\certs\www_gstatic_com -storepass sahipassword 

Keystore type: JKS
Keystore provider: SUN

Your keystore contains 1 entry

www.gstatic.com, 2 Feb, 2018, PrivateKeyEntry, 
Certificate fingerprint (SHA1): B0:59:66:6D:0C:5B:44:7E:C6:07:E9:A2:67:92:76:FD:F4:2A:3E:57

C:\Users\admin\OpKeySmartRecorder\userdata\certgen>keytool -noprompt  -ext SAN=dns:www.gstatic.com -import -alias sahi_root -keypass sahipassword -file X509CA\ca\new_ca.pem -keystore X509CA\certs\www_gstatic_com -storepass sahipassword 
Certificate was added to keystore

C:\Users\admin\OpKeySmartRecorder\userdata\certgen>keytool -noprompt  -ext SAN=dns:www.gstatic.com -import -alias www.gstatic.com -keypass sahipassword -file X509CA\certs\www_gstatic_com.signed_pem -keystore X509CA\certs\www_gstatic_com -storepass sahipassword 
Certificate reply was installed in keystore

C:\Users\admin\OpKeySmartRecorder\userdata\certgen>copy X509CA\certs\www_gstatic_com C:\\Users\\admin\\OpKeySmartRecorder\\userdata\\certs\\www_gstatic_com 
        1 file(s) copied.

C:\Users\admin\OpKeySmartRecorder\userdata\certgen>del X509CA\certs\www_gstatic_com* 

C:\Users\admin\OpKeySmartRecorder\userdata\certgen>certutil -addstore ROOT X509CA\ca\new_ca.pem 
Administrator permissions are needed to use the selected options.  Use an administrator command prompt to complete these tasks.
CertUtil: The requested operation requires elevation.

C:\Users\admin\OpKeySmartRecorder\bin>cd /D C:\\Users\\admin\\OpKeySmartRecorder\\userdata\\certgen 

C:\Users\admin\OpKeySmartRecorder\userdata\certgen>set DOMAIN_NAME=clientservices.googleapis.com 

C:\Users\admin\OpKeySmartRecorder\userdata\certgen>set FILE_NAME=clientservices_googleapis_com 

C:\Users\admin\OpKeySmartRecorder\userdata\certgen>set DEST_PATH=C:\\Users\\admin\\OpKeySmartRecorder\\userdata\\certs\\clientservices_googleapis_com 

C:\Users\admin\OpKeySmartRecorder\userdata\certgen>set KEYTOOL_PATH=keytool 

C:\Users\admin\OpKeySmartRecorder\userdata\certgen>set KEY_PASSWORD=sahipassword 

C:\Users\admin\OpKeySmartRecorder\userdata\certgen>set STORE_PASSWORD=sahipassword 

C:\Users\admin\OpKeySmartRecorder\userdata\certgen>set PATH_TO_OPENSSL=C:\\Users\\admin\\OpKeySmartRecorder\\certgen 

C:\Users\admin\OpKeySmartRecorder\userdata\certgen>echo clientservices.googleapis.com 
clientservices.googleapis.com

C:\Users\admin\OpKeySmartRecorder\userdata\certgen>echo clientservices_googleapis_com 
clientservices_googleapis_com

C:\Users\admin\OpKeySmartRecorder\userdata\certgen>echo C:\\Users\\admin\\OpKeySmartRecorder\\userdata\\certs\\clientservices_googleapis_com 
C:\\Users\\admin\\OpKeySmartRecorder\\userdata\\certs\\clientservices_googleapis_com

C:\Users\admin\OpKeySmartRecorder\userdata\certgen>keytool -genkey  -ext SAN=dns:clientservices.googleapis.com -alias clientservices.googleapis.com -keypass sahipassword -storepass sahipassword -keyalg RSA -keystore X509CA/certs/clientservices_googleapis_com -dname "CN=clientservices.googleapis.com, OU=OpKey, O=OpKey, L=Noida, S=UP, C=IN" -validity 3650 

C:\Users\admin\OpKeySmartRecorder\userdata\certgen>keytool -certreq  -ext SAN=dns:clientservices.googleapis.com -alias clientservices.googleapis.com -file X509CA/certs/clientservices_googleapis_com.csr -keypass sahipassword -keystore X509CA/certs/clientservices_googleapis_com -storepass sahipassword 

C:\Users\admin\OpKeySmartRecorder\userdata\certgen>C:\\Users\\admin\\OpKeySmartRecorder\\certgen\openssl ca -config X509CA/openssl.cnf -days 3650 -in X509CA/certs/clientservices_googleapis_com.csr -out X509CA/certs/clientservices_googleapis_com.signed -batch -passin pass:sahipassword 
Using configuration from X509CA/openssl.cnf
Loading 'screen' into random state - done
Check that the request matches the signature
Signature ok
Certificate Details:
        Serial Number: 5 (0x5)
        Validity
            Not Before: Feb  2 10:38:14 2018 GMT
            Not After : Jan 31 10:38:14 2028 GMT
        Subject:
            countryName               = IN
            stateOrProvinceName       = UP
            organizationName          = OpKey
            organizationalUnitName    = OpKey
            commonName                = clientservices.googleapis.com
        X509v3 extensions:
            X509v3 Basic Constraints: 
                CA:FALSE
            Netscape Comment: 
                OpenSSL Generated Certificate
            X509v3 Subject Key Identifier: 
                B3:3B:CB:58:DE:06:FD:35:81:30:49:BE:0F:C1:D1:5E:B3:ED:60:B7
            X509v3 Authority Key Identifier: 
                keyid:A4:99:B5:30:91:E8:0B:19:FE:14:0E:79:8E:7F:56:94:2E:7D:57:A0
                DirName:/C=IN/ST=UP/O=OpKey
                serial:80:E1:05:01:C3:F6:C6:37

            X509v3 Subject Alternative Name: 
                DNS:clientservices.googleapis.com
Certificate is to be certified until Jan 31 10:38:14 2028 GMT (3650 days)

Write out database with 1 new entries
Data Base Updated

C:\Users\admin\OpKeySmartRecorder\userdata\certgen>C:\\Users\\admin\\OpKeySmartRecorder\\certgen\openssl x509 -in X509CA/certs/clientservices_googleapis_com.signed -out X509CA/certs/clientservices_googleapis_com.signed_pem -outform PEM 

C:\Users\admin\OpKeySmartRecorder\userdata\certgen>copy X509CA\certs\clientservices_googleapis_com X509CA\certs\clientservices_googleapis_com.orig 
        1 file(s) copied.

C:\Users\admin\OpKeySmartRecorder\userdata\certgen>keytool -list  -ext SAN=dns:clientservices.googleapis.com -keystore X509CA\certs\clientservices_googleapis_com -storepass sahipassword 

Keystore type: JKS
Keystore provider: SUN

Your keystore contains 1 entry

clientservices.googleapis.com, 2 Feb, 2018, PrivateKeyEntry, 
Certificate fingerprint (SHA1): 20:D6:BE:EC:65:39:A7:56:8D:27:46:9B:8C:B9:5C:4F:FF:0C:A2:2F

C:\Users\admin\OpKeySmartRecorder\userdata\certgen>keytool -noprompt  -ext SAN=dns:clientservices.googleapis.com -import -alias sahi_root -keypass sahipassword -file X509CA\ca\new_ca.pem -keystore X509CA\certs\clientservices_googleapis_com -storepass sahipassword 
Certificate was added to keystore

C:\Users\admin\OpKeySmartRecorder\userdata\certgen>keytool -noprompt  -ext SAN=dns:clientservices.googleapis.com -import -alias clientservices.googleapis.com -keypass sahipassword -file X509CA\certs\clientservices_googleapis_com.signed_pem -keystore X509CA\certs\clientservices_googleapis_com -storepass sahipassword 
Certificate reply was installed in keystore

C:\Users\admin\OpKeySmartRecorder\userdata\certgen>copy X509CA\certs\clientservices_googleapis_com C:\\Users\\admin\\OpKeySmartRecorder\\userdata\\certs\\clientservices_googleapis_com 
        1 file(s) copied.

C:\Users\admin\OpKeySmartRecorder\userdata\certgen>del X509CA\certs\clientservices_googleapis_com* 

C:\Users\admin\OpKeySmartRecorder\userdata\certgen>certutil -addstore ROOT X509CA\ca\new_ca.pem 
Administrator permissions are needed to use the selected options.  Use an administrator command prompt to complete these tasks.
CertUtil: The requested operation requires elevation.

C:\Users\admin\OpKeySmartRecorder\bin>cd /D C:\\Users\\admin\\OpKeySmartRecorder\\userdata\\certgen 

C:\Users\admin\OpKeySmartRecorder\userdata\certgen>set DOMAIN_NAME=maps.googleapis.com 

C:\Users\admin\OpKeySmartRecorder\userdata\certgen>set FILE_NAME=maps_googleapis_com 

C:\Users\admin\OpKeySmartRecorder\userdata\certgen>set DEST_PATH=C:\\Users\\admin\\OpKeySmartRecorder\\userdata\\certs\\maps_googleapis_com 

C:\Users\admin\OpKeySmartRecorder\userdata\certgen>set KEYTOOL_PATH=keytool 

C:\Users\admin\OpKeySmartRecorder\userdata\certgen>set KEY_PASSWORD=sahipassword 

C:\Users\admin\OpKeySmartRecorder\userdata\certgen>set STORE_PASSWORD=sahipassword 

C:\Users\admin\OpKeySmartRecorder\userdata\certgen>set PATH_TO_OPENSSL=C:\\Users\\admin\\OpKeySmartRecorder\\certgen 

C:\Users\admin\OpKeySmartRecorder\userdata\certgen>echo maps.googleapis.com 
maps.googleapis.com

C:\Users\admin\OpKeySmartRecorder\userdata\certgen>echo maps_googleapis_com 
maps_googleapis_com

C:\Users\admin\OpKeySmartRecorder\userdata\certgen>echo C:\\Users\\admin\\OpKeySmartRecorder\\userdata\\certs\\maps_googleapis_com 
C:\\Users\\admin\\OpKeySmartRecorder\\userdata\\certs\\maps_googleapis_com

C:\Users\admin\OpKeySmartRecorder\userdata\certgen>keytool -genkey  -ext SAN=dns:maps.googleapis.com -alias maps.googleapis.com -keypass sahipassword -storepass sahipassword -keyalg RSA -keystore X509CA/certs/maps_googleapis_com -dname "CN=maps.googleapis.com, OU=OpKey, O=OpKey, L=Noida, S=UP, C=IN" -validity 3650 

C:\Users\admin\OpKeySmartRecorder\userdata\certgen>keytool -certreq  -ext SAN=dns:maps.googleapis.com -alias maps.googleapis.com -file X509CA/certs/maps_googleapis_com.csr -keypass sahipassword -keystore X509CA/certs/maps_googleapis_com -storepass sahipassword 

C:\Users\admin\OpKeySmartRecorder\userdata\certgen>C:\\Users\\admin\\OpKeySmartRecorder\\certgen\openssl ca -config X509CA/openssl.cnf -days 3650 -in X509CA/certs/maps_googleapis_com.csr -out X509CA/certs/maps_googleapis_com.signed -batch -passin pass:sahipassword 
Using configuration from X509CA/openssl.cnf
Loading 'screen' into random state - done
Check that the request matches the signature
Signature ok
Certificate Details:
        Serial Number: 6 (0x6)
        Validity
            Not Before: Feb  2 10:38:16 2018 GMT
            Not After : Jan 31 10:38:16 2028 GMT
        Subject:
            countryName               = IN
            stateOrProvinceName       = UP
            organizationName          = OpKey
            organizationalUnitName    = OpKey
            commonName                = maps.googleapis.com
        X509v3 extensions:
            X509v3 Basic Constraints: 
                CA:FALSE
            Netscape Comment: 
                OpenSSL Generated Certificate
            X509v3 Subject Key Identifier: 
                58:1A:66:33:7E:91:BB:DA:5A:76:60:D1:25:14:13:97:60:74:1B:7C
            X509v3 Authority Key Identifier: 
                keyid:A4:99:B5:30:91:E8:0B:19:FE:14:0E:79:8E:7F:56:94:2E:7D:57:A0
                DirName:/C=IN/ST=UP/O=OpKey
                serial:80:E1:05:01:C3:F6:C6:37

            X509v3 Subject Alternative Name: 
                DNS:maps.googleapis.com
Certificate is to be certified until Jan 31 10:38:16 2028 GMT (3650 days)

Write out database with 1 new entries
Data Base Updated

C:\Users\admin\OpKeySmartRecorder\userdata\certgen>C:\\Users\\admin\\OpKeySmartRecorder\\certgen\openssl x509 -in X509CA/certs/maps_googleapis_com.signed -out X509CA/certs/maps_googleapis_com.signed_pem -outform PEM 

C:\Users\admin\OpKeySmartRecorder\userdata\certgen>copy X509CA\certs\maps_googleapis_com X509CA\certs\maps_googleapis_com.orig 
        1 file(s) copied.

C:\Users\admin\OpKeySmartRecorder\userdata\certgen>keytool -list  -ext SAN=dns:maps.googleapis.com -keystore X509CA\certs\maps_googleapis_com -storepass sahipassword 

Keystore type: JKS
Keystore provider: SUN

Your keystore contains 1 entry

maps.googleapis.com, 2 Feb, 2018, PrivateKeyEntry, 
Certificate fingerprint (SHA1): 23:80:12:5C:AE:C1:65:FA:31:ED:84:FD:73:B8:9D:01:A2:03:ED:5F

C:\Users\admin\OpKeySmartRecorder\userdata\certgen>keytool -noprompt  -ext SAN=dns:maps.googleapis.com -import -alias sahi_root -keypass sahipassword -file X509CA\ca\new_ca.pem -keystore X509CA\certs\maps_googleapis_com -storepass sahipassword 
Certificate was added to keystore

C:\Users\admin\OpKeySmartRecorder\userdata\certgen>keytool -noprompt  -ext SAN=dns:maps.googleapis.com -import -alias maps.googleapis.com -keypass sahipassword -file X509CA\certs\maps_googleapis_com.signed_pem -keystore X509CA\certs\maps_googleapis_com -storepass sahipassword 
Certificate reply was installed in keystore

C:\Users\admin\OpKeySmartRecorder\userdata\certgen>copy X509CA\certs\maps_googleapis_com C:\\Users\\admin\\OpKeySmartRecorder\\userdata\\certs\\maps_googleapis_com 
        1 file(s) copied.

C:\Users\admin\OpKeySmartRecorder\userdata\certgen>del X509CA\certs\maps_googleapis_com* 

C:\Users\admin\OpKeySmartRecorder\userdata\certgen>certutil -addstore ROOT X509CA\ca\new_ca.pem 
Administrator permissions are needed to use the selected options.  Use an administrator command prompt to complete these tasks.
CertUtil: The requested operation requires elevation.

C:\Users\admin\OpKeySmartRecorder\bin>cd /D C:\\Users\\admin\\OpKeySmartRecorder\\userdata\\certgen 

C:\Users\admin\OpKeySmartRecorder\userdata\certgen>set DOMAIN_NAME=code.jquery.com 

C:\Users\admin\OpKeySmartRecorder\userdata\certgen>set FILE_NAME=code_jquery_com 

C:\Users\admin\OpKeySmartRecorder\userdata\certgen>set DEST_PATH=C:\\Users\\admin\\OpKeySmartRecorder\\userdata\\certs\\code_jquery_com 

C:\Users\admin\OpKeySmartRecorder\userdata\certgen>set KEYTOOL_PATH=keytool 

C:\Users\admin\OpKeySmartRecorder\userdata\certgen>set KEY_PASSWORD=sahipassword 

C:\Users\admin\OpKeySmartRecorder\userdata\certgen>set STORE_PASSWORD=sahipassword 

C:\Users\admin\OpKeySmartRecorder\userdata\certgen>set PATH_TO_OPENSSL=C:\\Users\\admin\\OpKeySmartRecorder\\certgen 

C:\Users\admin\OpKeySmartRecorder\userdata\certgen>echo code.jquery.com 
code.jquery.com

C:\Users\admin\OpKeySmartRecorder\userdata\certgen>echo code_jquery_com 
code_jquery_com

C:\Users\admin\OpKeySmartRecorder\userdata\certgen>echo C:\\Users\\admin\\OpKeySmartRecorder\\userdata\\certs\\code_jquery_com 
C:\\Users\\admin\\OpKeySmartRecorder\\userdata\\certs\\code_jquery_com

C:\Users\admin\OpKeySmartRecorder\userdata\certgen>keytool -genkey  -ext SAN=dns:code.jquery.com -alias code.jquery.com -keypass sahipassword -storepass sahipassword -keyalg RSA -keystore X509CA/certs/code_jquery_com -dname "CN=code.jquery.com, OU=OpKey, O=OpKey, L=Noida, S=UP, C=IN" -validity 3650 

C:\Users\admin\OpKeySmartRecorder\userdata\certgen>keytool -certreq  -ext SAN=dns:code.jquery.com -alias code.jquery.com -file X509CA/certs/code_jquery_com.csr -keypass sahipassword -keystore X509CA/certs/code_jquery_com -storepass sahipassword 

C:\Users\admin\OpKeySmartRecorder\userdata\certgen>C:\\Users\\admin\\OpKeySmartRecorder\\certgen\openssl ca -config X509CA/openssl.cnf -days 3650 -in X509CA/certs/code_jquery_com.csr -out X509CA/certs/code_jquery_com.signed -batch -passin pass:sahipassword 
Using configuration from X509CA/openssl.cnf
Loading 'screen' into random state - done
Check that the request matches the signature
Signature ok
Certificate Details:
        Serial Number: 7 (0x7)
        Validity
            Not Before: Feb  2 10:38:19 2018 GMT
            Not After : Jan 31 10:38:19 2028 GMT
        Subject:
            countryName               = IN
            stateOrProvinceName       = UP
            organizationName          = OpKey
            organizationalUnitName    = OpKey
            commonName                = code.jquery.com
        X509v3 extensions:
            X509v3 Basic Constraints: 
                CA:FALSE
            Netscape Comment: 
                OpenSSL Generated Certificate
            X509v3 Subject Key Identifier: 
                CE:F8:AB:E7:E6:2F:60:F8:A3:BE:5C:F0:56:9A:B0:1D:75:D6:9A:0B
            X509v3 Authority Key Identifier: 
                keyid:A4:99:B5:30:91:E8:0B:19:FE:14:0E:79:8E:7F:56:94:2E:7D:57:A0
                DirName:/C=IN/ST=UP/O=OpKey
                serial:80:E1:05:01:C3:F6:C6:37

            X509v3 Subject Alternative Name: 
                DNS:code.jquery.com
Certificate is to be certified until Jan 31 10:38:19 2028 GMT (3650 days)

Write out database with 1 new entries
Data Base Updated

C:\Users\admin\OpKeySmartRecorder\userdata\certgen>C:\\Users\\admin\\OpKeySmartRecorder\\certgen\openssl x509 -in X509CA/certs/code_jquery_com.signed -out X509CA/certs/code_jquery_com.signed_pem -outform PEM 

C:\Users\admin\OpKeySmartRecorder\userdata\certgen>copy X509CA\certs\code_jquery_com X509CA\certs\code_jquery_com.orig 
        1 file(s) copied.

C:\Users\admin\OpKeySmartRecorder\userdata\certgen>keytool -list  -ext SAN=dns:code.jquery.com -keystore X509CA\certs\code_jquery_com -storepass sahipassword 

Keystore type: JKS
Keystore provider: SUN

Your keystore contains 1 entry

code.jquery.com, 2 Feb, 2018, PrivateKeyEntry, 
Certificate fingerprint (SHA1): 78:5E:94:C0:FF:9E:E4:59:C1:87:62:11:3F:6A:5D:C4:F2:EB:8C:2F

C:\Users\admin\OpKeySmartRecorder\userdata\certgen>keytool -noprompt  -ext SAN=dns:code.jquery.com -import -alias sahi_root -keypass sahipassword -file X509CA\ca\new_ca.pem -keystore X509CA\certs\code_jquery_com -storepass sahipassword 
Certificate was added to keystore

C:\Users\admin\OpKeySmartRecorder\userdata\certgen>keytool -noprompt  -ext SAN=dns:code.jquery.com -import -alias code.jquery.com -keypass sahipassword -file X509CA\certs\code_jquery_com.signed_pem -keystore X509CA\certs\code_jquery_com -storepass sahipassword 
Certificate reply was installed in keystore

C:\Users\admin\OpKeySmartRecorder\userdata\certgen>copy X509CA\certs\code_jquery_com C:\\Users\\admin\\OpKeySmartRecorder\\userdata\\certs\\code_jquery_com 
        1 file(s) copied.

C:\Users\admin\OpKeySmartRecorder\userdata\certgen>del X509CA\certs\code_jquery_com* 

C:\Users\admin\OpKeySmartRecorder\userdata\certgen>certutil -addstore ROOT X509CA\ca\new_ca.pem 
Administrator permissions are needed to use the selected options.  Use an administrator command prompt to complete these tasks.
CertUtil: The requested operation requires elevation.

C:\Users\admin\OpKeySmartRecorder\bin>cd /D C:\\Users\\admin\\OpKeySmartRecorder\\userdata\\certgen 

C:\Users\admin\OpKeySmartRecorder\userdata\certgen>set DOMAIN_NAME=ssl.gstatic.com 

C:\Users\admin\OpKeySmartRecorder\userdata\certgen>set FILE_NAME=ssl_gstatic_com 

C:\Users\admin\OpKeySmartRecorder\userdata\certgen>set DEST_PATH=C:\\Users\\admin\\OpKeySmartRecorder\\userdata\\certs\\ssl_gstatic_com 

C:\Users\admin\OpKeySmartRecorder\userdata\certgen>set KEYTOOL_PATH=keytool 

C:\Users\admin\OpKeySmartRecorder\userdata\certgen>set KEY_PASSWORD=sahipassword 

C:\Users\admin\OpKeySmartRecorder\userdata\certgen>set STORE_PASSWORD=sahipassword 

C:\Users\admin\OpKeySmartRecorder\userdata\certgen>set PATH_TO_OPENSSL=C:\\Users\\admin\\OpKeySmartRecorder\\certgen 

C:\Users\admin\OpKeySmartRecorder\userdata\certgen>echo ssl.gstatic.com 
ssl.gstatic.com

C:\Users\admin\OpKeySmartRecorder\userdata\certgen>echo ssl_gstatic_com 
ssl_gstatic_com

C:\Users\admin\OpKeySmartRecorder\userdata\certgen>echo C:\\Users\\admin\\OpKeySmartRecorder\\userdata\\certs\\ssl_gstatic_com 
C:\\Users\\admin\\OpKeySmartRecorder\\userdata\\certs\\ssl_gstatic_com

C:\Users\admin\OpKeySmartRecorder\userdata\certgen>keytool -genkey  -ext SAN=dns:ssl.gstatic.com -alias ssl.gstatic.com -keypass sahipassword -storepass sahipassword -keyalg RSA -keystore X509CA/certs/ssl_gstatic_com -dname "CN=ssl.gstatic.com, OU=OpKey, O=OpKey, L=Noida, S=UP, C=IN" -validity 3650 

C:\Users\admin\OpKeySmartRecorder\userdata\certgen>keytool -certreq  -ext SAN=dns:ssl.gstatic.com -alias ssl.gstatic.com -file X509CA/certs/ssl_gstatic_com.csr -keypass sahipassword -keystore X509CA/certs/ssl_gstatic_com -storepass sahipassword 

C:\Users\admin\OpKeySmartRecorder\userdata\certgen>C:\\Users\\admin\\OpKeySmartRecorder\\certgen\openssl ca -config X509CA/openssl.cnf -days 3650 -in X509CA/certs/ssl_gstatic_com.csr -out X509CA/certs/ssl_gstatic_com.signed -batch -passin pass:sahipassword 
Using configuration from X509CA/openssl.cnf
Loading 'screen' into random state - done
Check that the request matches the signature
Signature ok
Certificate Details:
        Serial Number: 8 (0x8)
        Validity
            Not Before: Feb  2 10:38:21 2018 GMT
            Not After : Jan 31 10:38:21 2028 GMT
        Subject:
            countryName               = IN
            stateOrProvinceName       = UP
            organizationName          = OpKey
            organizationalUnitName    = OpKey
            commonName                = ssl.gstatic.com
        X509v3 extensions:
            X509v3 Basic Constraints: 
                CA:FALSE
            Netscape Comment: 
                OpenSSL Generated Certificate
            X509v3 Subject Key Identifier: 
                A6:5E:20:5B:DE:04:D9:C6:B9:3F:C3:13:90:7A:DC:F4:8D:5C:3D:D5
            X509v3 Authority Key Identifier: 
                keyid:A4:99:B5:30:91:E8:0B:19:FE:14:0E:79:8E:7F:56:94:2E:7D:57:A0
                DirName:/C=IN/ST=UP/O=OpKey
                serial:80:E1:05:01:C3:F6:C6:37

            X509v3 Subject Alternative Name: 
                DNS:ssl.gstatic.com
Certificate is to be certified until Jan 31 10:38:21 2028 GMT (3650 days)

Write out database with 1 new entries
Data Base Updated

C:\Users\admin\OpKeySmartRecorder\userdata\certgen>C:\\Users\\admin\\OpKeySmartRecorder\\certgen\openssl x509 -in X509CA/certs/ssl_gstatic_com.signed -out X509CA/certs/ssl_gstatic_com.signed_pem -outform PEM 

C:\Users\admin\OpKeySmartRecorder\userdata\certgen>copy X509CA\certs\ssl_gstatic_com X509CA\certs\ssl_gstatic_com.orig 
        1 file(s) copied.

C:\Users\admin\OpKeySmartRecorder\userdata\certgen>keytool -list  -ext SAN=dns:ssl.gstatic.com -keystore X509CA\certs\ssl_gstatic_com -storepass sahipassword 

Keystore type: JKS
Keystore provider: SUN

Your keystore contains 1 entry

ssl.gstatic.com, 2 Feb, 2018, PrivateKeyEntry, 
Certificate fingerprint (SHA1): 1A:5D:DA:48:AB:16:C2:8E:92:B4:5D:E3:6E:47:CA:6F:D0:E3:96:57

C:\Users\admin\OpKeySmartRecorder\userdata\certgen>keytool -noprompt  -ext SAN=dns:ssl.gstatic.com -import -alias sahi_root -keypass sahipassword -file X509CA\ca\new_ca.pem -keystore X509CA\certs\ssl_gstatic_com -storepass sahipassword 
Certificate was added to keystore

C:\Users\admin\OpKeySmartRecorder\userdata\certgen>keytool -noprompt  -ext SAN=dns:ssl.gstatic.com -import -alias ssl.gstatic.com -keypass sahipassword -file X509CA\certs\ssl_gstatic_com.signed_pem -keystore X509CA\certs\ssl_gstatic_com -storepass sahipassword 
Certificate reply was installed in keystore

C:\Users\admin\OpKeySmartRecorder\userdata\certgen>copy X509CA\certs\ssl_gstatic_com C:\\Users\\admin\\OpKeySmartRecorder\\userdata\\certs\\ssl_gstatic_com 
        1 file(s) copied.

C:\Users\admin\OpKeySmartRecorder\userdata\certgen>del X509CA\certs\ssl_gstatic_com* 

C:\Users\admin\OpKeySmartRecorder\userdata\certgen>certutil -addstore ROOT X509CA\ca\new_ca.pem 
Administrator permissions are needed to use the selected options.  Use an administrator command prompt to complete these tasks.
CertUtil: The requested operation requires elevation.

C:\Users\admin\OpKeySmartRecorder\bin>cd /D C:\\Users\\admin\\OpKeySmartRecorder\\userdata\\certgen 

C:\Users\admin\OpKeySmartRecorder\userdata\certgen>set DOMAIN_NAME=csi.gstatic.com 

C:\Users\admin\OpKeySmartRecorder\userdata\certgen>set FILE_NAME=csi_gstatic_com 

C:\Users\admin\OpKeySmartRecorder\userdata\certgen>set DEST_PATH=C:\\Users\\admin\\OpKeySmartRecorder\\userdata\\certs\\csi_gstatic_com 

C:\Users\admin\OpKeySmartRecorder\userdata\certgen>set KEYTOOL_PATH=keytool 

C:\Users\admin\OpKeySmartRecorder\userdata\certgen>set KEY_PASSWORD=sahipassword 

C:\Users\admin\OpKeySmartRecorder\userdata\certgen>set STORE_PASSWORD=sahipassword 

C:\Users\admin\OpKeySmartRecorder\userdata\certgen>set PATH_TO_OPENSSL=C:\\Users\\admin\\OpKeySmartRecorder\\certgen 

C:\Users\admin\OpKeySmartRecorder\userdata\certgen>echo csi.gstatic.com 
csi.gstatic.com

C:\Users\admin\OpKeySmartRecorder\userdata\certgen>echo csi_gstatic_com 
csi_gstatic_com

C:\Users\admin\OpKeySmartRecorder\userdata\certgen>echo C:\\Users\\admin\\OpKeySmartRecorder\\userdata\\certs\\csi_gstatic_com 
C:\\Users\\admin\\OpKeySmartRecorder\\userdata\\certs\\csi_gstatic_com

C:\Users\admin\OpKeySmartRecorder\userdata\certgen>keytool -genkey  -ext SAN=dns:csi.gstatic.com -alias csi.gstatic.com -keypass sahipassword -storepass sahipassword -keyalg RSA -keystore X509CA/certs/csi_gstatic_com -dname "CN=csi.gstatic.com, OU=OpKey, O=OpKey, L=Noida, S=UP, C=IN" -validity 3650 

C:\Users\admin\OpKeySmartRecorder\userdata\certgen>keytool -certreq  -ext SAN=dns:csi.gstatic.com -alias csi.gstatic.com -file X509CA/certs/csi_gstatic_com.csr -keypass sahipassword -keystore X509CA/certs/csi_gstatic_com -storepass sahipassword 

C:\Users\admin\OpKeySmartRecorder\userdata\certgen>C:\\Users\\admin\\OpKeySmartRecorder\\certgen\openssl ca -config X509CA/openssl.cnf -days 3650 -in X509CA/certs/csi_gstatic_com.csr -out X509CA/certs/csi_gstatic_com.signed -batch -passin pass:sahipassword 
Using configuration from X509CA/openssl.cnf
Loading 'screen' into random state - done
Check that the request matches the signature
Signature ok
Certificate Details:
        Serial Number: 9 (0x9)
        Validity
            Not Before: Feb  2 10:38:24 2018 GMT
            Not After : Jan 31 10:38:24 2028 GMT
        Subject:
            countryName               = IN
            stateOrProvinceName       = UP
            organizationName          = OpKey
            organizationalUnitName    = OpKey
            commonName                = csi.gstatic.com
        X509v3 extensions:
            X509v3 Basic Constraints: 
                CA:FALSE
            Netscape Comment: 
                OpenSSL Generated Certificate
            X509v3 Subject Key Identifier: 
                4B:08:8B:EC:87:FA:75:38:D0:3C:8F:D7:EE:E0:F2:F0:50:FB:3B:9B
            X509v3 Authority Key Identifier: 
                keyid:A4:99:B5:30:91:E8:0B:19:FE:14:0E:79:8E:7F:56:94:2E:7D:57:A0
                DirName:/C=IN/ST=UP/O=OpKey
                serial:80:E1:05:01:C3:F6:C6:37

            X509v3 Subject Alternative Name: 
                DNS:csi.gstatic.com
Certificate is to be certified until Jan 31 10:38:24 2028 GMT (3650 days)

Write out database with 1 new entries
Data Base Updated

C:\Users\admin\OpKeySmartRecorder\userdata\certgen>C:\\Users\\admin\\OpKeySmartRecorder\\certgen\openssl x509 -in X509CA/certs/csi_gstatic_com.signed -out X509CA/certs/csi_gstatic_com.signed_pem -outform PEM 

C:\Users\admin\OpKeySmartRecorder\userdata\certgen>copy X509CA\certs\csi_gstatic_com X509CA\certs\csi_gstatic_com.orig 
        1 file(s) copied.

C:\Users\admin\OpKeySmartRecorder\userdata\certgen>keytool -list  -ext SAN=dns:csi.gstatic.com -keystore X509CA\certs\csi_gstatic_com -storepass sahipassword 

Keystore type: JKS
Keystore provider: SUN

Your keystore contains 1 entry

csi.gstatic.com, 2 Feb, 2018, PrivateKeyEntry, 
Certificate fingerprint (SHA1): 8A:AF:BE:D6:4A:18:EC:D1:DE:C0:3A:23:D7:45:AE:F8:E5:F1:1A:D7

C:\Users\admin\OpKeySmartRecorder\userdata\certgen>keytool -noprompt  -ext SAN=dns:csi.gstatic.com -import -alias sahi_root -keypass sahipassword -file X509CA\ca\new_ca.pem -keystore X509CA\certs\csi_gstatic_com -storepass sahipassword 
Certificate was added to keystore

C:\Users\admin\OpKeySmartRecorder\userdata\certgen>keytool -noprompt  -ext SAN=dns:csi.gstatic.com -import -alias csi.gstatic.com -keypass sahipassword -file X509CA\certs\csi_gstatic_com.signed_pem -keystore X509CA\certs\csi_gstatic_com -storepass sahipassword 
Certificate reply was installed in keystore

C:\Users\admin\OpKeySmartRecorder\userdata\certgen>copy X509CA\certs\csi_gstatic_com C:\\Users\\admin\\OpKeySmartRecorder\\userdata\\certs\\csi_gstatic_com 
        1 file(s) copied.

C:\Users\admin\OpKeySmartRecorder\userdata\certgen>del X509CA\certs\csi_gstatic_com* 

C:\Users\admin\OpKeySmartRecorder\userdata\certgen>certutil -addstore ROOT X509CA\ca\new_ca.pem 
Administrator permissions are needed to use the selected options.  Use an administrator command prompt to complete these tasks.
CertUtil: The requested operation requires elevation.
